#
# There is insufficient memory for the Java Runtime Environment to continue.
# Native memory allocation (malloc) failed to allocate 1048576 bytes for AllocateHeap
# Possible reasons:
#   The system is out of physical RAM or swap space
#   The process is running with CompressedOops enabled, and the Java Heap may be blocking the growth of the native heap
# Possible solutions:
#   Reduce memory load on the system
#   Increase physical memory or swap space
#   Check if swap backing store is full
#   Decrease Java heap size (-Xmx/-Xms)
#   Decrease number of Java threads
#   Decrease Java thread stack sizes (-Xss)
#   Set larger code cache with -XX:ReservedCodeCacheSize=
#   JVM is running with Unscaled Compressed Oops mode in which the Java heap is
#     placed in the first 4GB address space. The Java Heap base address is the
#     maximum limit for the native heap growth. Please use -XX:HeapBaseMinAddress
#     to set the Java Heap base and to place the Java Heap above 4GB virtual address.
# This output file may be truncated or incomplete.
#
#  Out of Memory Error (memory/allocation.inline.hpp:61), pid=5652, tid=0x0000000000002398
#
# JRE version:  (8.0_242-b01) (build )
# Java VM: OpenJDK 64-Bit Server VM (25.242-b01 mixed mode windows-amd64 compressed oops)
# Failed to write core dump. Minidumps are not enabled by default on client versions of Windows
#

---------------  T H R E A D  ---------------

Current thread (0x00000000024f2800):  JavaThread "Unknown thread" [_thread_in_vm, id=9112, stack(0x00000000023f0000,0x00000000024f0000)]

Stack: [0x00000000023f0000,0x00000000024f0000]
[error occurred during error reporting (printing stack bounds), id 0xc0000005]

Native frames: (J=compiled Java code, j=interpreted, Vv=VM code, C=native code)


---------------  P R O C E S S  ---------------

Java Threads: ( => current thread )

Other Threads:

=>0x00000000024f2800 (exited) JavaThread "Unknown thread" [_thread_in_vm, id=9112, stack(0x00000000023f0000,0x00000000024f0000)]

VM state:not at safepoint (normal execution)

VM Mutex/Monitor currently owned by a thread: None

heap address: 0x0000000082000000, size: 2016 MB, Compressed Oops mode: 32-bit
Narrow klass base: 0x0000000000000000, Narrow klass shift: 3
Compressed class space size: 1073741824 Address: 0x0000000100000000

Heap:
 PSYoungGen      total 37888K, used 655K [0x00000000d6000000, 0x00000000d8a00000, 0x0000000100000000)
  eden space 32768K, 2% used [0x00000000d6000000,0x00000000d60a3d80,0x00000000d8000000)
  from space 5120K, 0% used [0x00000000d8500000,0x00000000d8500000,0x00000000d8a00000)
  to   space 5120K, 0% used [0x00000000d8000000,0x00000000d8000000,0x00000000d8500000)
 ParOldGen       total 86016K, used 0K [0x0000000082000000, 0x0000000087400000, 0x00000000d6000000)
  object space 86016K, 0% used [0x0000000082000000,0x0000000082000000,0x0000000087400000)
 Metaspace       used 779K, capacity 4480K, committed 4480K, reserved 1056768K
  class space    used 74K, capacity 384K, committed 384K, reserved 1048576K

Card table byte_map: [0x00000000119b0000,0x0000000011db0000] byte_map_base: 0x00000000115a0000

Marking Bits: (ParMarkBitMap*) 0x000000006a82f030
 Begin Bits: [0x0000000012850000, 0x00000000147d0000)
 End Bits:   [0x00000000147d0000, 0x0000000016750000)

Polling page: 0x0000000000ac0000

CodeCache: size=245760Kb used=328Kb max_used=328Kb free=245431Kb
 bounds [0x00000000025f0000, 0x0000000002860000, 0x00000000115f0000]
 total_blobs=57 nmethods=0 adapters=38
 compilation: enabled

Compilation events (0 events):
No events

GC Heap History (0 events):
No events

Deoptimization events (0 events):
No events

Classes redefined (0 events):
No events

Internal exceptions (0 events):
No events

Events (10 events):
Event: 0.166 loading class java/lang/Short
Event: 0.166 loading class java/lang/Short done
Event: 0.166 loading class java/lang/Integer
Event: 0.167 loading class java/lang/Integer done
Event: 0.167 loading class java/lang/Long
Event: 0.167 loading class java/lang/Long done
Event: 0.168 loading class java/lang/NullPointerException
Event: 0.168 loading class java/lang/NullPointerException done
Event: 0.168 loading class java/lang/ArithmeticException
Event: 0.168 loading class java/lang/ArithmeticException done


Dynamic libraries:
0x00007ff784d00000 - 0x00007ff784d31000 	C:\Program Files\Android\Android Studio\jre\jre\bin\java.exe
0x00007ffaca3c0000 - 0x00007ffaca5b0000 	C:\WINDOWS\SYSTEM32\ntdll.dll
0x00007ffac8b30000 - 0x00007ffac8be2000 	C:\WINDOWS\System32\KERNEL32.DLL
0x00007ffac81c0000 - 0x00007ffac8465000 	C:\WINDOWS\System32\KERNELBASE.dll
0x00007ffac9ac0000 - 0x00007ffac9b63000 	C:\WINDOWS\System32\ADVAPI32.dll
0x00007ffac8740000 - 0x00007ffac87de000 	C:\WINDOWS\System32\msvcrt.dll
0x00007ffaca260000 - 0x00007ffaca2f7000 	C:\WINDOWS\System32\sechost.dll
0x00007ffac99a0000 - 0x00007ffac9ac0000 	C:\WINDOWS\System32\RPCRT4.dll
0x00007ffac8500000 - 0x00007ffac8694000 	C:\WINDOWS\System32\USER32.dll
0x00007ffac7350000 - 0x00007ffac7371000 	C:\WINDOWS\System32\win32u.dll
0x00007ffac9900000 - 0x00007ffac9926000 	C:\WINDOWS\System32\GDI32.dll
0x00007ffac7ff0000 - 0x00007ffac8186000 	C:\WINDOWS\System32\gdi32full.dll
0x00007ffac7380000 - 0x00007ffac741e000 	C:\WINDOWS\System32\msvcp_win.dll
0x00007ffac7c20000 - 0x00007ffac7d1a000 	C:\WINDOWS\System32\ucrtbase.dll
0x00007ffab7160000 - 0x00007ffab73e4000 	C:\WINDOWS\WinSxS\amd64_microsoft.windows.common-controls_6595b64144ccf1df_6.0.18362.1139_none_9e7bf2d3e4605ac6\COMCTL32.dll
0x00007ffac8bf0000 - 0x00007ffac8f25000 	C:\WINDOWS\System32\combase.dll
0x00007ffac7ba0000 - 0x00007ffac7c20000 	C:\WINDOWS\System32\bcryptPrimitives.dll
0x00007ffac86a0000 - 0x00007ffac86ce000 	C:\WINDOWS\System32\IMM32.DLL
0x0000000069ea0000 - 0x0000000069f72000 	C:\Program Files\Android\Android Studio\jre\jre\bin\msvcr100.dll
0x000000006a060000 - 0x000000006a8ab000 	C:\Program Files\Android\Android Studio\jre\jre\bin\server\jvm.dll
0x00007ffac88b0000 - 0x00007ffac88b8000 	C:\WINDOWS\System32\PSAPI.DLL
0x00007ffac2b60000 - 0x00007ffac2b69000 	C:\WINDOWS\SYSTEM32\WSOCK32.dll
0x00007ffac4680000 - 0x00007ffac468a000 	C:\WINDOWS\SYSTEM32\VERSION.dll
0x00007ffabc010000 - 0x00007ffabc034000 	C:\WINDOWS\SYSTEM32\WINMM.dll
0x00007ffac9930000 - 0x00007ffac999f000 	C:\WINDOWS\System32\WS2_32.dll
0x00007ffabbfe0000 - 0x00007ffabc00d000 	C:\WINDOWS\SYSTEM32\WINMMBASE.dll
0x00007ffac7df0000 - 0x00007ffac7e3a000 	C:\WINDOWS\System32\cfgmgr32.dll
0x00007ffac0240000 - 0x00007ffac024f000 	C:\Program Files\Android\Android Studio\jre\jre\bin\verify.dll
0x00007ffabd460000 - 0x00007ffabd489000 	C:\Program Files\Android\Android Studio\jre\jre\bin\java.dll
0x00007ffabc290000 - 0x00007ffabc2a6000 	C:\Program Files\Android\Android Studio\jre\jre\bin\zip.dll

VM Arguments:
java_command: org.jetbrains.git4idea.http.GitAskPassApp Username for 'https://github.com': 
java_class_path (initial): C:/Program Files/Android/Android Studio/plugins/git4idea/lib/git4idea-rt.jar;C:/Program Files/Android/Android Studio/lib/xmlrpc-2.0.1.jar;C:/Program Files/Android/Android Studio/lib/commons-codec-1.14.jar;C:/Program Files/Android/Android Studio/lib/util.jar
Launcher Type: SUN_STANDARD

Environment Variables:
JAVA_HOME=C:\Program Files\Java\jdk1.8.0_31\bin
PATH=C:\Program Files\Git\mingw64\libexec\git-core;C:\Program Files\Git\mingw64\libexec\git-core;C:\Program Files\Git\mingw64\bin;C:\Program Files\Git\usr\bin;C:\Users\Ahmed\bin;C:\Program Files\dotnet\sdk\3.0.103;C:\ProgramData\Oracle\Java\javapath;C:\WINDOWS\system32;C:\WINDOWS;C:\WINDOWS\System32\Wbem;C:\WINDOWS\System32\WindowsPowerShell\v1.0;C:\WINDOWS\System32\OpenSSH;C:\Program Files (x86)\Brackets\command;C:\wamp\bin\php;C:\Program Files\Symfony;C:\wamp64\bin\php\php7.2.25;C:\composer;C:\Program Files\Git\cmd;C:\src\flutter\bin;C:\Program Files\Java\jdk1.8.0_31\bin;C:\Program Files\dotnet;C:\Users\Ahmed\AppData\Local\Microsoft\WindowsApps;C:\Users\Ahmed\AppData\Local\Programs\Microsoft VS Code\bin;C:\Users\Ahmed\AppData\Roaming\Composer\vendor\bin;C:\Program Files\Java\jdk1.8.0_261\bin;C:\Users\Ahmed\.dotnet\tools;C:\Program Files\dotnet\sdk\3.0.103
USERNAME=Ahmed
DISPLAY=:0.0
OS=Windows_NT
PROCESSOR_IDENTIFIER=Intel64 Family 6 Model 142 Stepping 10, GenuineIntel



---------------  S Y S T E M  ---------------

OS: Windows 10.0 , 64 bit Build 18362 (10.0.18362.1110)

CPU:total 8 (initial active 8) (4 cores per cpu, 2 threads per core) family 6 model 142 stepping 10, cmov, cx8, fxsr, mmx, sse, sse2, sse3, ssse3, sse4.1, sse4.2, popcnt, avx, avx2, aes, clmul, erms, 3dnowpref, lzcnt, ht, tsc, tscinvbit, bmi1, bmi2, adx

Memory: 4k page, physical 8251788k(698240k free), swap 13371788k(5684k free)

vm_info: OpenJDK 64-Bit Server VM (25.242-b01) for windows-amd64 JRE (1.8.0_242-release-1644-b01), built by "builder" with MS VC++ 10.0 (VS2010)

time: Wed Oct 21 00:47:53 2020
timezone: Paris, Madrid
elapsed time: 0 seconds (0d 0h 0m 0s)

